20395
90630
178947
328046
239536
495584
364490
545895
114829
522149
330418
475407
200124
635980
112606
100554
222824
433131
34580
399211
12868
244012
38102
296463
652309
3259
220248
61465
643658
351972
420563
177548
15291
451404
426787
911325
260262
688857
229494
60673
288093
232972
376338
18656
690203
47868
3402
218716
860930
173355
402743
12682
539075
272034
340115
287608
213579
313314
16231
135857
206232
426613
710463
346866
320420
135564
420970
579708
154430
446181
7922
608247
94942
183912
161344
95674
468654
171592
2683
337356
7615
630832
725059
109245
17808
242118
387146
122064
882027
20600
273249
35192
306125
754417
318048
5954
52389
268714
