7.29
0.13
10.42
18.61
11.65
19.89
4.63
3.49
44.07
2.69
7.94
4.55
9.32
30.81
9.88
55.84
9.67
75.33
4.67
6.81
3.08
7.23
35.21
11.08
9.57
8.43
19.15
8.25
8921.58
761.59
6.52
5.55
51.36
24.37
5.94
6.20
12.24
12.61
10.88
11.22
277.92
12.92
13.77
91.07
18.33
4.40
1.72
37.80
7.90
583.56
5.65
29.24
1.16
123342.61
5.78
16.62
9.58
8.19
959.41
14.86
25.12
19.09
0.18
9.51
39.13
8194.88
8.94
3.36
0.17
7.97
3.71
1.17
22.75
35.14
14.15
0.19
23.56
13.30
1.52
3.03
4.10
7.22
2.69
10.31
28.24
62.53
84.99
18.77
10.81
766.55
10.34
19.46
13.40
692.36
0.27
25.56
32.11
5.80
89.20
810.77
