125970
13
19448
495
3876
2002
1
35
1
153
126
24310
171
220
125970
1
1
1
5
1
136
55
66
1
8
165
21
1
56
19
1
91
3003
1
1
125970
2002
252
792
1
1
3060
1
210
8
18564
14
14
462
31824
1
19
3
792
1
1
2
792
1
1
1
1
1
126
20
8
455
1
1
120
1
220
1
1
56
17
17
220
18564
126
1
36
1
1
55
1
70
8568
6
792
7
330
1
792
6
11
455
38760
36
21
28
3003
1
1
1716
8
20
4368
3
1
120
969
1
18564
1
364
24310
12870
8568
16
1
6
1140
495
4
462
680
1
7
12376
7
84
15504
165
1
1
1
91
24310
3
1
3
84
1
11
27132
105
6
462
1
10
560
5
11
1
10
4
165
4
1
1820
1
1
1
20
2
1
12
5
1
8
1
9
1
1
1
1
3876
792
252
12
1
1
1
495
1
38760
27132
1
10
1716
1
19448
2380
1
816
220
10
11
1
7
20
2002
1
2
1001
1
1
50388
38760
1
792
1
8
1
2
2002
1
11
4
1
6188
92378
1
1
5
11
184756
4
1
16
120
3432
1
1
1
3876
1
1
3
7
43758
126
1
1
78
3432
43758
184756
10
1
35
11
210
15
15
1
330
5
1
84
1
1
1
18
1001
1820
9
8
92378
220
6435
1
252
4
3
21
18
36
1
1
286
1
1
66
364
1
11440
35
1
15504
1001
8568
1820
190
1
8
28
78
31824
1
3876
816
56
126
1
5005
19
1287
167960
495
495
1
1
7
210
680
19448
220
84
84
2
91
8
36
2002
1
1
20
1
78
220
1
3003
190
1140
1
1
1
18564
3003
6
15504
5
126
1
286
2
15
1
1
286
16
1
28
220
330
1365
1
1
1
136
252
1
3003
1
36
91
18564
1
1
15504
462
5
2002
1
1
75582
120
4
1
77520
45
816
1
56
56
1
1
3
1
9
78
38760
462
1
715
165
10
1287
1
12376
1
1
120
1
1
126
28
1
6
8008
190
36
55
364
1
364
21
1
6
1716
17
3003
21
1
2380
35
1365
1
9
3
13
715
15
12376
1
15
21
1
1
11
75582
210
3
1
1
2380
1
1287
1
1
1
1
1
2002
1
210
1
1
84
1140
17
55
3
1716
11
3
252
1820
1
43758
20
1
3003
5
4845
11628
1
560
1
11440
1365
8008
10
10
5
1
1
1
210
1
3432
56
1
8008
6
1
1
5005
43758
126
1
6
27132
1
1
17
15
1
1
45
9
20
10
8568
105
8
1
1
1
252
1
8
1
56
1
21
136
5
1
20
10
84
19
1
7
184756
66
17
1
1
3
43758
1
75582
1
1
10
13
2
75582
1140
816
21
1716
1
1
1
136
3060
1140
190
1
8568
1
12
1
1
20
35
66
455
1
2002
816
4
1
924
21
1
1
20
4845
9
3
2380
70
6
6
66
10
75582
1
11628
1
1
92378
43758
126
15
153
7
70
1820
43758
1716
1
50388
1
31824
1716
286
28
1
50388
1
15
1
5
1
680
36
18
6
48620
4845
136
14
2
3060
20
10
1
3
1
6435
1
43758
120
1
45
1
27132
1
126
1
9
1
1
5
1
715
5
4368
171
4
210
792
1
15504
3003
8568
210
1
1
16
462
3
1
1
330
35
36
1
1
36
165
1
210
120
495
167960
24310
924
20
1
17
495
3
1
19448
1
1
1
1
1820
1
1
1
1
3432
1
5005
680
91
78
1
36
17
7
1
9
120
84
28
1
1
364
8008
1
19448
15504
4368
35
1
78
1716
11628
1
1
165
19448
45
3
8
56
792
6
495
36
15
12870
84
50388
1
9
3003
10
167960
1
1
27132
6
1
5
18564
1
2
16
6188
210
35
15
330
84
1
13
1
1
455
330
495
3
1
969
1
1
27132
816
1
1
91
13
1
1287
27132
3876
6
816
5
120
1
15504
3
1140
3003
15504
455
924
1
8
1
5005
136
1
13
6
1820
35
15
1
50388
11440
1820
66
84
1
1
1
12870
4
43758
1
4368
286
1
8
1
15
8568
77520
715
5
10
1
48620
3
286
1
4
11628
10
1
10
55
8008
55
6
105
3003
43758
165
1140
1
27132
21
1
153
5005
3
210
16
20
8
1365
792
3432
167960
1820
12376
1
1
45
1
70
8
1
1287
153
792
184756
171
1
14
171
1
6188
70
1
1
120
4
48620
36
1
1
1
1
1820
1
2
8568
1365
12
210
1
1
45
1
120
15
1
78
43758
17
8568
3003
1
1
6
16
1
3
1
6
21
792
38760
28
6
1
1
4
1
35
13
4
120
11
1
10
15504
56
45
136
3876
165
1716
167960
13
27132
1
1
1
19448
1
1
126
1
1
50388
1
28
2002
680
48620
45
1
105
125970
1
84
1
190
220
2002
43758
10
1
1820
1140
210
8568
1
1
252
1
1
6
45
6
1001
924
1
6
8568
125970
66
792
