96965884
87561117
22860117
36045755
30279867
49645418
167023753
37677444
13596710
95706627
9916886
11141602
67294200
41274134
6567563
8503796
64077853
221931502
831282
91131275
8236544
61413156
161663747
110833738
84789843
131558245
40363787
151341601
51852386
107127948
2684483
44390865
16613436
94156348
8172252
67727532
175768137
81438576
24052605
94955122
83764247
146196085
36674478
92998353
177338551
20288411
56794997
96336167
145130649
114759900
46926359
105695260
40575198
115314558
6647551
2231751
26084060
11478934
26084559
51275682
119481535
14309451
34226191
1359745
19100847
15704379
80263998
9115191
33677589
120805315
38383579
108661867
138968873
109142714
131363771
95788097
21460952
29729153
137747802
14603180
30360045
53953624
22413163
36187869
155838602
147474137
14378128
2645013
38594123
56344077
136229409
60096132
121586282
41161256
100885451
233359890
54912069
32695880
17702696
154959465
