16891893
128128496
13278608
228107160
19612544
141388272
29152260
13714168
885548480
93510030
23638164
14186502
63758710
23469025
0
49296600
16210936
198440040
68226093
189254820
71582004
36696484
29457162
83334112
80457674
364357160
323744512
291239968
110165312
0
295392412
471042368
46326600
35699304
61219884
18616656
182473626
41910960
31007746
112747316
9307816
78642144
5675940
29954196
100454186
17153008
67648588
133465464
133828705
52422624
87191298
0
593172700
20584632
198222804
127568261
25909700
95914260
91936320
0
308355440
58332716
34106100
341552960
92544900
0
73964184
97975680
58724848
230589304
35389466
51807630
9501081
390662544
150671752
2104725
11997560
15509568
169926528
2527100
78743760
325031064
2624850
115518568
86284132
42967816
103492664
0
255667632
141965150
22150790
69205048
321087012
94636548
336709536
193257888
17013924
237398790
81453840
164724056
