102298498
22861776
16525845
8386948
16067816
42824157
222682192
19945288
16815390
1540202
240975821
29560920
8728988
24450896
286687360
118804316
16764455
203222474
98697665
221672601
25789745
232445480
681157
3622019
189288264
30677221
10855472
83125484
40448084
41662540
4540138
24286724
17478273
170568004
5468033
26600699
40271064
155794632
115090560
7078128
99829523
14420172
9281479
319196752
19832360
13064720
34857949
2490553
19817646
17408097
5478216
68787550
43563834
22028825
18308858
75403354
170308648
271541388
2327243
150956552
7045474
8970655
14532895
18617950
75338652
66356042
10778113
34061060
43706934
65867175
195698460
95699558
66496988
115403799
66282208
79406634
95838318
181212908
140602438
131595972
29350057
21903772
20384682
887850
6215452
76118904
28984502
110817704
23346944
23005771
95844900
88143490
7379280
32703810
99008522
128192516
41306417
30302168
1402467
71009352
374755862
